<?xml version="1.0" encoding="UTF-8"?>
<!-- Generated by org.testng.reporters.JUnitReportReporter -->
<testsuite skipped="0" hostname="NODE395" name="com.claritybot.steps.TestJSON" tests="3" failures="0" timestamp="21 Mar 2018 07:08:13 GMT" time="11.856" errors="0">
  <testcase name="testData" time="2.714" classname="com.claritybot.steps.TestJSON"/>
  <testcase name="testData" time="6.607" classname="com.claritybot.steps.TestJSON"/>
  <testcase name="testData" time="2.535" classname="com.claritybot.steps.TestJSON"/>
</testsuite> <!-- com.claritybot.steps.TestJSON -->
